<?xml version="1.0" encoding="UTF-8"?>
<!-- Generated by org.testng.reporters.JUnitXMLReporter -->
<testsuite ignored="1" hostname="mhussen-PC" failures="0" tests="1" name="NegativeTests" time="8.808" errors="0" timestamp="2021-01-13T20:38:13 EST">
  <testcase classname="com.herokuapp.theinternet.NegativeTests" name="InvalidPasswordTest" time="8.802"/>
  <testcase classname="com.herokuapp.theinternet.NegativeTests" name="InvalidUsernameTest" time="0.0">
    <ignored/>
  </testcase> <!-- InvalidUsernameTest -->
</testsuite> <!-- NegativeTests -->
