<?xml version="1.0" encoding="UTF-8"?>
<!-- Generated by org.testng.reporters.JUnitXMLReporter -->
<testsuite ignored="1" hostname="mhussen-PC" failures="0" tests="1" name="NegativePasswordTests" time="8.341" errors="0" timestamp="2021-01-15T13:01:21 EST">
  <testcase classname="com.herokuapp.theinternet.LoginTests" name="negativeLoginTests" time="0.843"/>
  <testcase classname="com.herokuapp.theinternet.LoginTests" name="positiveLoginTest" time="0.0">
    <ignored/>
  </testcase> <!-- positiveLoginTest -->
</testsuite> <!-- NegativePasswordTests -->
