<?xml version="1.0" encoding="UTF-8"?>
<!-- Generated by org.testng.reporters.JUnitXMLReporter -->
<testsuite ignored="1" hostname="mhussen-PC" failures="0" tests="1" name="PositiveTests" time="10.635" errors="0" timestamp="2021-01-15T13:01:06 EST">
  <testcase classname="com.herokuapp.theinternet.LoginTests" name="positiveLoginTest" time="1.015"/>
  <testcase classname="com.herokuapp.theinternet.LoginTests" name="negativeLoginTests" time="0.0">
    <ignored/>
  </testcase> <!-- negativeLoginTests -->
</testsuite> <!-- PositiveTests -->
