<?xml version="1.0" encoding="UTF-8"?>
<testng-results ignored="3" total="6" passed="3" failed="0" skipped="0">
  <reporter-output>
  </reporter-output>
  <suite started-at="2021-01-15T13:00:55 EST" name="AllTests" finished-at="2021-01-15T13:01:21 EST" duration-ms="26338">
    <groups>
      <group name="positiveTest">
        <method signature="LoginTests.positiveLoginTest()[pri:1, instance:com.herokuapp.theinternet.LoginTests@3315d2d7]" name="positiveLoginTest" class="com.herokuapp.theinternet.LoginTests"/>
      </group> <!-- positiveTest -->
    </groups>
    <test started-at="2021-01-15T13:00:55 EST" name="PositiveTests" finished-at="2021-01-15T13:01:06 EST" duration-ms="10635">
      <class name="com.herokuapp.theinternet.LoginTests">
        <test-method is-config="true" signature="setUp()[pri:0, instance:com.herokuapp.theinternet.LoginTests@3315d2d7]" started-at="2021-01-15T13:00:55 EST" name="setUp" finished-at="2021-01-15T13:01:04 EST" duration-ms="8863" status="PASS">
          <reporter-output>
          </reporter-output>
        </test-method> <!-- setUp -->
        <test-method signature="positiveLoginTest()[pri:1, instance:com.herokuapp.theinternet.LoginTests@3315d2d7]" started-at="2021-01-15T13:01:04 EST" name="positiveLoginTest" finished-at="2021-01-15T13:01:05 EST" duration-ms="1015" status="PASS">
          <reporter-output>
          </reporter-output>
        </test-method> <!-- positiveLoginTest -->
        <test-method is-config="true" signature="tearDown()[pri:0, instance:com.herokuapp.theinternet.LoginTests@3315d2d7]" started-at="2021-01-15T13:01:05 EST" name="tearDown" finished-at="2021-01-15T13:01:06 EST" duration-ms="679" status="PASS">
          <reporter-output>
          </reporter-output>
        </test-method> <!-- tearDown -->
      </class> <!-- com.herokuapp.theinternet.LoginTests -->
    </test> <!-- PositiveTests -->
    <test started-at="2021-01-15T13:01:06 EST" name="NegativeUsernameTests" finished-at="2021-01-15T13:01:13 EST" duration-ms="7146">
      <class name="com.herokuapp.theinternet.LoginTests">
        <test-method is-config="true" signature="setUp()[pri:0, instance:com.herokuapp.theinternet.LoginTests@79da8dc5]" started-at="2021-01-15T13:01:06 EST" name="setUp" finished-at="2021-01-15T13:01:11 EST" duration-ms="5432" status="PASS">
          <reporter-output>
          </reporter-output>
        </test-method> <!-- setUp -->
        <test-method signature="negativeLoginTests(java.lang.String, java.lang.String, java.lang.String)[pri:2, instance:com.herokuapp.theinternet.LoginTests@79da8dc5]" started-at="2021-01-15T13:01:11 EST" name="negativeLoginTests" finished-at="2021-01-15T13:01:12 EST" duration-ms="1051" status="PASS">
          <params>
            <param index="0">
              <value>
                <![CDATA[incorectUsername]]>
              </value>
            </param>
            <param index="1">
              <value>
                <![CDATA[SuperSecretPassword!]]>
              </value>
            </param>
            <param index="2">
              <value>
                <![CDATA[Your username is invalid!]]>
              </value>
            </param>
          </params>
          <reporter-output>
          </reporter-output>
        </test-method> <!-- negativeLoginTests -->
        <test-method is-config="true" signature="tearDown()[pri:0, instance:com.herokuapp.theinternet.LoginTests@79da8dc5]" started-at="2021-01-15T13:01:12 EST" name="tearDown" finished-at="2021-01-15T13:01:13 EST" duration-ms="655" status="PASS">
          <reporter-output>
          </reporter-output>
        </test-method> <!-- tearDown -->
      </class> <!-- com.herokuapp.theinternet.LoginTests -->
    </test> <!-- NegativeUsernameTests -->
    <test started-at="2021-01-15T13:01:13 EST" name="NegativePasswordTests" finished-at="2021-01-15T13:01:21 EST" duration-ms="8341">
      <class name="com.herokuapp.theinternet.LoginTests">
        <test-method is-config="true" signature="setUp()[pri:0, instance:com.herokuapp.theinternet.LoginTests@53976f5c]" started-at="2021-01-15T13:01:13 EST" name="setUp" finished-at="2021-01-15T13:01:20 EST" duration-ms="6818" status="PASS">
          <reporter-output>
          </reporter-output>
        </test-method> <!-- setUp -->
        <test-method signature="negativeLoginTests(java.lang.String, java.lang.String, java.lang.String)[pri:2, instance:com.herokuapp.theinternet.LoginTests@53976f5c]" started-at="2021-01-15T13:01:20 EST" name="negativeLoginTests" finished-at="2021-01-15T13:01:21 EST" duration-ms="843" status="PASS">
          <params>
            <param index="0">
              <value>
                <![CDATA[tomsmith]]>
              </value>
            </param>
            <param index="1">
              <value>
                <![CDATA[IncorectPassword]]>
              </value>
            </param>
            <param index="2">
              <value>
                <![CDATA[Your password is invalid!]]>
              </value>
            </param>
          </params>
          <reporter-output>
          </reporter-output>
        </test-method> <!-- negativeLoginTests -->
        <test-method is-config="true" signature="tearDown()[pri:0, instance:com.herokuapp.theinternet.LoginTests@53976f5c]" started-at="2021-01-15T13:01:21 EST" name="tearDown" finished-at="2021-01-15T13:01:21 EST" duration-ms="671" status="PASS">
          <reporter-output>
          </reporter-output>
        </test-method> <!-- tearDown -->
      </class> <!-- com.herokuapp.theinternet.LoginTests -->
    </test> <!-- NegativePasswordTests -->
  </suite> <!-- AllTests -->
</testng-results>
